<?xml version="1.0" encoding="UTF-8"?>
<testng-results ignored="0" total="1" passed="1" failed="0" skipped="0">
  <reporter-output>
  </reporter-output>
  <suite started-at="2020-07-04T17:14:42 IST" name="InternetLogin" finished-at="2020-07-04T17:14:42 IST" duration-ms="78">
    <groups>
    </groups>
    <test started-at="2020-07-04T17:14:42 IST" name="Command line test" finished-at="2020-07-04T17:14:42 IST" duration-ms="78">
      <class name="InternetLogin">
        <test-method signature="MainTest()[pri:0, instance:InternetLogin@52f759d7]" started-at="2020-07-04T17:14:42 IST" name="MainTest" finished-at="2020-07-04T17:14:42 IST" duration-ms="9" status="PASS">
          <reporter-output>
          </reporter-output>
        </test-method> <!-- MainTest -->
      </class> <!-- InternetLogin -->
    </test> <!-- Command line test -->
  </suite> <!-- InternetLogin -->
</testng-results>
